Arguments: 
  C:\Program Files\nodejs\node.exe C:\Program Files (x86)\Nodist\bin\node_modules\yarn\bin\yarn.js add eslint-config-airbnb

PATH: 
  C:\Python27\;C:\Python27\Scripts;C:\Program Files\Docker\Docker\Resources\bin;C:\ProgramData\Oracle\Java\javapath;C:\Perl64\site\bin;C:\Perl64\bin;C:\WINDOWS\system32;C:\WINDOWS;C:\WINDOWS\System32\Wbem;C:\WINDOWS\System32\WindowsPowerShell\v1.0\;C:\WINDOWS\system32\config\systemprofile\.dnx\bin;C:\Program Files\Microsoft DNX\Dnvm\;C:\Program Files (x86)\Skype\Phone\;C:\Program Files (x86)\Microsoft Emulator Manager\1.0\;C:\Program Files (x86)\Windows Kits\10\Windows Performance Toolkit\;C:\Program Files\PuTTY\;C:\HashiCorp\Vagrant\bin;C:\Go\bin;C:\Users\mmatt\AppData\Roaming\nvm;C:\Program Files\nodejs;C:\ProgramData\chocolatey\bin;C:\Program Files\nodejs\;C:\Program Files\Java\jdk1.8.0_152\bin;C:\Program Files\Amazon\AWSCLI\;C:\Program Files\Perl\bin;C:\Program Files\git\cmd;C:\Users\mmatt\Anaconda3;C:\Users\mmatt\Anaconda3\Scripts;C:\Users\mmatt\Anaconda3\Library\bin;C:\boost_1_60_0;C:\Users\mmatt\AppData\Local\atom\bin;C:\cppunit-1.12.0\include;C:\Users\mmatt\01_work\swigwin-3.0.10;C:\Users\mmatt\01_work\01_python_practice\pp;C:\Users\mmatt\01_work\QuantLib-1.8;C:\Users\mmatt\AppData\Local\Microsoft\WindowsApps;C:\Users\mmatt\01_work\ModelLibrary\ModelLibrary\ModelLibrary\Adapter\bin\Debug;C:\Users\mmatt\AppData\Roaming\nvm;C:\Program Files\nodejs;C:\Program Files (x86)\Nodist\bin;C:\Program Files\Genymobile\Genymotion\tools;C:\Users\mmatt\AppData\Roaming\npm;C:\Program Files (x86)\sqlite-tools-win32-x86-3220000;

Yarn version: 
  1.3.2

Node version: 
  9.3.0

Platform: 
  win32 x64

npm manifest: 
  {
    "main": "node_modules/expo/AppEntry.js",
    "private": true,
    "scripts": {
      "test": "node ./node_modules/jest/bin/jest.js --watchAll"
    },
    "jest": {
      "preset": "jest-expo"
    },
    "dependencies": {
      "@expo/samples": "2.1.1",
      "expo": "^25.0.0",
      "react": "16.2.0",
      "react-native": "https://github.com/expo/react-native/archive/sdk-25.0.0.tar.gz",
      "react-navigation": "^1.0.0-beta.27"
    },
    "devDependencies": {
      "jest-expo": "^25.0.0"
    }
  }

yarn manifest: 
  No manifest

Lockfile: 
  No lockfile

Trace: 
  Error: https://registry.yarnpkg.com/punycode: Parse Error
      at TLSSocket.socketOnData (_http_client.js:439:20)
      at TLSSocket.emit (events.js:159:13)
      at addChunk (_stream_readable.js:265:12)
      at readableAddChunk (_stream_readable.js:252:11)
      at TLSSocket.Readable.push (_stream_readable.js:209:10)
      at TLSWrap.onread (net.js:608:20)
